{"/Users/anshaggarwal/Desktop/project_2/backend/src/app.js": {"path":"/Users/anshaggarwal/Desktop/project_2/backend/src/app.js","statementMap":{"0":{"start":{"line":13,"column":0},"end":{"line":13,"column":16}},"1":{"start":{"line":15,"column":12},"end":{"line":15,"column":21}},"2":{"start":{"line":18,"column":0},"end":{"line":18,"column":24}},"3":{"start":{"line":19,"column":0},"end":{"line":19,"column":48}},"4":{"start":{"line":22,"column":0},"end":{"line":22,"column":19}},"5":{"start":{"line":23,"column":0},"end":{"line":28,"column":2}},"6":{"start":{"line":31,"column":0},"end":{"line":31,"column":33}},"7":{"start":{"line":32,"column":0},"end":{"line":32,"column":50}},"8":{"start":{"line":33,"column":0},"end":{"line":33,"column":41}},"9":{"start":{"line":36,"column":0},"end":{"line":38,"column":3}},"10":{"start":{"line":37,"column":2},"end":{"line":37,"column":60}},"11":{"start":{"line":41,"column":0},"end":{"line":41,"column":22}}},"fnMap":{"0":{"name":"(anonymous_0)","decl":{"start":{"line":36,"column":23},"end":{"line":36,"column":24}},"loc":{"start":{"line":36,"column":37},"end":{"line":38,"column":1}},"line":36}},"branchMap":{},"s":{"0":4,"1":4,"2":4,"3":4,"4":4,"5":4,"6":4,"7":4,"8":4,"9":4,"10":0,"11":4},"f":{"0":0},"b":{},"_coverageSchema":"1a1c01bbd47fc00a2c39e90264f33305004495a9","hash":"00dc1583b8e1e3332e7ebf9f4b720d8e7b2a48b8"}
,"/Users/anshaggarwal/Desktop/project_2/backend/src/index.js": {"path":"/Users/anshaggarwal/Desktop/project_2/backend/src/index.js","statementMap":{"0":{"start":{"line":9,"column":15},"end":{"line":9,"column":37}},"1":{"start":{"line":10,"column":11},"end":{"line":12,"column":2}},"2":{"start":{"line":14,"column":0},"end":{"line":14,"column":15}},"3":{"start":{"line":16,"column":13},"end":{"line":16,"column":37}},"4":{"start":{"line":17,"column":0},"end":{"line":19,"column":1}},"5":{"start":{"line":18,"column":2},"end":{"line":18,"column":32}}},"fnMap":{},"branchMap":{"0":{"loc":{"start":{"line":16,"column":13},"end":{"line":16,"column":37}},"type":"binary-expr","locations":[{"start":{"line":16,"column":13},"end":{"line":16,"column":29}},{"start":{"line":16,"column":33},"end":{"line":16,"column":37}}],"line":16},"1":{"loc":{"start":{"line":17,"column":0},"end":{"line":19,"column":1}},"type":"if","locations":[{"start":{"line":17,"column":0},"end":{"line":19,"column":1}},{"start":{},"end":{}}],"line":17}},"s":{"0":4,"1":4,"2":4,"3":4,"4":4,"5":0},"f":{},"b":{"0":[4,0],"1":[0,4]},"_coverageSchema":"1a1c01bbd47fc00a2c39e90264f33305004495a9","hash":"12bd61b2808556f44c29cf9035111b8063400d2a"}
,"/Users/anshaggarwal/Desktop/project_2/backend/src/config/cleanup.js": {"path":"/Users/anshaggarwal/Desktop/project_2/backend/src/config/cleanup.js","statementMap":{},"fnMap":{"0":{"name":"startCleanupJob","decl":{"start":{"line":4,"column":16},"end":{"line":4,"column":31}},"loc":{"start":{"line":4,"column":36},"end":{"line":37,"column":1}},"line":4}},"branchMap":{},"s":{},"f":{"0":0},"b":{},"_coverageSchema":"1a1c01bbd47fc00a2c39e90264f33305004495a9","hash":"fc2198f191c4e55732251e0d5cd923afb32faa84"}
,"/Users/anshaggarwal/Desktop/project_2/backend/src/config/db.js": {"path":"/Users/anshaggarwal/Desktop/project_2/backend/src/config/db.js","statementMap":{"0":{"start":{"line":3,"column":15},"end":{"line":3,"column":33}}},"fnMap":{},"branchMap":{},"s":{"0":4},"f":{},"b":{},"_coverageSchema":"1a1c01bbd47fc00a2c39e90264f33305004495a9","hash":"77df7595a7cafa0f0894c572f7dd036e8e3618ee"}
,"/Users/anshaggarwal/Desktop/project_2/backend/src/config/security.js": {"path":"/Users/anshaggarwal/Desktop/project_2/backend/src/config/security.js","statementMap":{"0":{"start":{"line":8,"column":2},"end":{"line":8,"column":20}},"1":{"start":{"line":9,"column":2},"end":{"line":9,"column":33}},"2":{"start":{"line":10,"column":2},"end":{"line":10,"column":26}},"3":{"start":{"line":11,"column":2},"end":{"line":11,"column":25}},"4":{"start":{"line":14,"column":26},"end":{"line":18,"column":4}},"5":{"start":{"line":19,"column":2},"end":{"line":19,"column":44}}},"fnMap":{"0":{"name":"applySecurity","decl":{"start":{"line":7,"column":24},"end":{"line":7,"column":37}},"loc":{"start":{"line":7,"column":43},"end":{"line":20,"column":1}},"line":7}},"branchMap":{},"s":{"0":4,"1":4,"2":4,"3":4,"4":4,"5":4},"f":{"0":4},"b":{},"_coverageSchema":"1a1c01bbd47fc00a2c39e90264f33305004495a9","hash":"5f0d3d7cfbdb87d0a56e591e378ebdd78ec7d40e"}
,"/Users/anshaggarwal/Desktop/project_2/backend/src/config/server.js": {"path":"/Users/anshaggarwal/Desktop/project_2/backend/src/config/server.js","statementMap":{"0":{"start":{"line":5,"column":2},"end":{"line":22,"column":3}},"1":{"start":{"line":6,"column":4},"end":{"line":6,"column":28}},"2":{"start":{"line":7,"column":4},"end":{"line":7,"column":53}},"3":{"start":{"line":10,"column":4},"end":{"line":10,"column":24}},"4":{"start":{"line":12,"column":4},"end":{"line":14,"column":7}},"5":{"start":{"line":13,"column":6},"end":{"line":13,"column":68}},"6":{"start":{"line":16,"column":4},"end":{"line":16,"column":59}},"7":{"start":{"line":17,"column":4},"end":{"line":21,"column":5}},"8":{"start":{"line":18,"column":6},"end":{"line":18,"column":16}},"9":{"start":{"line":20,"column":6},"end":{"line":20,"column":22}},"10":{"start":{"line":25,"column":2},"end":{"line":28,"column":5}},"11":{"start":{"line":26,"column":4},"end":{"line":26,"column":31}},"12":{"start":{"line":27,"column":4},"end":{"line":27,"column":20}}},"fnMap":{"0":{"name":"startServer","decl":{"start":{"line":4,"column":22},"end":{"line":4,"column":33}},"loc":{"start":{"line":4,"column":56},"end":{"line":29,"column":1}},"line":4},"1":{"name":"(anonymous_1)","decl":{"start":{"line":12,"column":28},"end":{"line":12,"column":29}},"loc":{"start":{"line":12,"column":34},"end":{"line":14,"column":5}},"line":12},"2":{"name":"(anonymous_2)","decl":{"start":{"line":25,"column":23},"end":{"line":25,"column":24}},"loc":{"start":{"line":25,"column":35},"end":{"line":28,"column":3}},"line":25}},"branchMap":{"0":{"loc":{"start":{"line":17,"column":4},"end":{"line":21,"column":5}},"type":"if","locations":[{"start":{"line":17,"column":4},"end":{"line":21,"column":5}},{"start":{"line":19,"column":11},"end":{"line":21,"column":5}}],"line":17}},"s":{"0":0,"1":0,"2":0,"3":0,"4":0,"5":0,"6":0,"7":0,"8":0,"9":0,"10":0,"11":0,"12":0},"f":{"0":0,"1":0,"2":0},"b":{"0":[0,0]},"_coverageSchema":"1a1c01bbd47fc00a2c39e90264f33305004495a9","hash":"b44086b93349c17d2d8f9c5c2fe69bee16c99d30"}
,"/Users/anshaggarwal/Desktop/project_2/backend/src/controllers/authController.js": {"path":"/Users/anshaggarwal/Desktop/project_2/backend/src/controllers/authController.js","statementMap":{"0":{"start":{"line":6,"column":19},"end":{"line":6,"column":58}},"1":{"start":{"line":10,"column":2},"end":{"line":55,"column":3}},"2":{"start":{"line":11,"column":42},"end":{"line":11,"column":50}},"3":{"start":{"line":13,"column":4},"end":{"line":15,"column":5}},"4":{"start":{"line":14,"column":6},"end":{"line":14,"column":86}},"5":{"start":{"line":18,"column":25},"end":{"line":25,"column":6}},"6":{"start":{"line":27,"column":4},"end":{"line":29,"column":5}},"7":{"start":{"line":28,"column":6},"end":{"line":28,"column":80}},"8":{"start":{"line":31,"column":19},"end":{"line":31,"column":50}},"9":{"start":{"line":33,"column":17},"end":{"line":35,"column":6}},"10":{"start":{"line":37,"column":18},"end":{"line":41,"column":5}},"11":{"start":{"line":43,"column":4},"end":{"line":46,"column":7}},"12":{"start":{"line":48,"column":4},"end":{"line":48,"column":109}},"13":{"start":{"line":50,"column":4},"end":{"line":52,"column":5}},"14":{"start":{"line":51,"column":6},"end":{"line":51,"column":80}},"15":{"start":{"line":54,"column":4},"end":{"line":54,"column":66}},"16":{"start":{"line":60,"column":2},"end":{"line":94,"column":3}},"17":{"start":{"line":61,"column":42},"end":{"line":61,"column":50}},"18":{"start":{"line":63,"column":4},"end":{"line":67,"column":5}},"19":{"start":{"line":64,"column":6},"end":{"line":66,"column":81}},"20":{"start":{"line":69,"column":17},"end":{"line":71,"column":6}},"21":{"start":{"line":73,"column":4},"end":{"line":75,"column":5}},"22":{"start":{"line":74,"column":6},"end":{"line":74,"column":84}},"23":{"start":{"line":77,"column":20},"end":{"line":77,"column":65}},"24":{"start":{"line":78,"column":4},"end":{"line":80,"column":5}},"25":{"start":{"line":79,"column":6},"end":{"line":79,"column":84}},"26":{"start":{"line":82,"column":18},"end":{"line":84,"column":6}},"27":{"start":{"line":86,"column":4},"end":{"line":90,"column":7}},"28":{"start":{"line":92,"column":4},"end":{"line":92,"column":39}},"29":{"start":{"line":93,"column":4},"end":{"line":93,"column":59}}},"fnMap":{"0":{"name":"register","decl":{"start":{"line":9,"column":22},"end":{"line":9,"column":30}},"loc":{"start":{"line":9,"column":47},"end":{"line":56,"column":1}},"line":9},"1":{"name":"login","decl":{"start":{"line":59,"column":22},"end":{"line":59,"column":27}},"loc":{"start":{"line":59,"column":44},"end":{"line":95,"column":1}},"line":59}},"branchMap":{"0":{"loc":{"start":{"line":6,"column":19},"end":{"line":6,"column":58}},"type":"binary-expr","locations":[{"start":{"line":6,"column":19},"end":{"line":6,"column":41}},{"start":{"line":6,"column":45},"end":{"line":6,"column":58}}],"line":6},"1":{"loc":{"start":{"line":13,"column":4},"end":{"line":15,"column":5}},"type":"if","locations":[{"start":{"line":13,"column":4},"end":{"line":15,"column":5}},{"start":{},"end":{}}],"line":13},"2":{"loc":{"start":{"line":13,"column":8},"end":{"line":13,"column":40}},"type":"binary-expr","locations":[{"start":{"line":13,"column":8},"end":{"line":13,"column":17}},{"start":{"line":13,"column":21},"end":{"line":13,"column":27}},{"start":{"line":13,"column":31},"end":{"line":13,"column":40}}],"line":13},"3":{"loc":{"start":{"line":22,"column":10},"end":{"line":22,"column":39}},"type":"cond-expr","locations":[{"start":{"line":22,"column":18},"end":{"line":22,"column":27}},{"start":{"line":22,"column":30},"end":{"line":22,"column":39}}],"line":22},"4":{"loc":{"start":{"line":27,"column":4},"end":{"line":29,"column":5}},"type":"if","locations":[{"start":{"line":27,"column":4},"end":{"line":29,"column":5}},{"start":{},"end":{}}],"line":27},"5":{"loc":{"start":{"line":50,"column":4},"end":{"line":52,"column":5}},"type":"if","locations":[{"start":{"line":50,"column":4},"end":{"line":52,"column":5}},{"start":{},"end":{}}],"line":50},"6":{"loc":{"start":{"line":50,"column":8},"end":{"line":50,"column":87}},"type":"binary-expr","locations":[{"start":{"line":50,"column":8},"end":{"line":50,"column":61}},{"start":{"line":50,"column":65},"end":{"line":50,"column":87}}],"line":50},"7":{"loc":{"start":{"line":63,"column":4},"end":{"line":67,"column":5}},"type":"if","locations":[{"start":{"line":63,"column":4},"end":{"line":67,"column":5}},{"start":{},"end":{}}],"line":63},"8":{"loc":{"start":{"line":63,"column":8},"end":{"line":63,"column":42}},"type":"binary-expr","locations":[{"start":{"line":63,"column":9},"end":{"line":63,"column":18}},{"start":{"line":63,"column":22},"end":{"line":63,"column":28}},{"start":{"line":63,"column":33},"end":{"line":63,"column":42}}],"line":63},"9":{"loc":{"start":{"line":70,"column":13},"end":{"line":70,"column":45}},"type":"cond-expr","locations":[{"start":{"line":70,"column":21},"end":{"line":70,"column":30}},{"start":{"line":70,"column":33},"end":{"line":70,"column":45}}],"line":70},"10":{"loc":{"start":{"line":73,"column":4},"end":{"line":75,"column":5}},"type":"if","locations":[{"start":{"line":73,"column":4},"end":{"line":75,"column":5}},{"start":{},"end":{}}],"line":73},"11":{"loc":{"start":{"line":78,"column":4},"end":{"line":80,"column":5}},"type":"if","locations":[{"start":{"line":78,"column":4},"end":{"line":80,"column":5}},{"start":{},"end":{}}],"line":78}},"s":{"0":4,"1":4,"2":4,"3":4,"4":0,"5":4,"6":4,"7":1,"8":3,"9":3,"10":3,"11":3,"12":0,"13":0,"14":0,"15":0,"16":5,"17":5,"18":5,"19":0,"20":5,"21":5,"22":1,"23":4,"24":4,"25":1,"26":3,"27":3,"28":0,"29":0},"f":{"0":4,"1":5},"b":{"0":[4,0],"1":[0,4],"2":[4,4,4],"3":[4,0],"4":[1,3],"5":[0,0],"6":[0,0],"7":[0,5],"8":[5,1,5],"9":[1,4],"10":[1,4],"11":[1,3]},"_coverageSchema":"1a1c01bbd47fc00a2c39e90264f33305004495a9","hash":"da97c558ce5df42fbec4590596db998190b519d4"}
,"/Users/anshaggarwal/Desktop/project_2/backend/src/controllers/roomController.js": {"path":"/Users/anshaggarwal/Desktop/project_2/backend/src/controllers/roomController.js","statementMap":{"0":{"start":{"line":5,"column":2},"end":{"line":31,"column":3}},"1":{"start":{"line":6,"column":25},"end":{"line":6,"column":33}},"2":{"start":{"line":9,"column":17},"end":{"line":14,"column":6}},"3":{"start":{"line":17,"column":4},"end":{"line":22,"column":7}},"4":{"start":{"line":24,"column":4},"end":{"line":28,"column":7}},"5":{"start":{"line":30,"column":4},"end":{"line":30,"column":14}},"6":{"start":{"line":37,"column":2},"end":{"line":98,"column":3}},"7":{"start":{"line":38,"column":19},"end":{"line":38,"column":49}},"8":{"start":{"line":40,"column":4},"end":{"line":42,"column":5}},"9":{"start":{"line":41,"column":6},"end":{"line":41,"column":67}},"10":{"start":{"line":45,"column":17},"end":{"line":45,"column":72}},"11":{"start":{"line":46,"column":4},"end":{"line":48,"column":5}},"12":{"start":{"line":47,"column":6},"end":{"line":47,"column":63}},"13":{"start":{"line":51,"column":21},"end":{"line":58,"column":6}},"14":{"start":{"line":61,"column":4},"end":{"line":88,"column":5}},"15":{"start":{"line":62,"column":6},"end":{"line":78,"column":7}},"16":{"start":{"line":64,"column":8},"end":{"line":69,"column":11}},"17":{"start":{"line":72,"column":8},"end":{"line":77,"column":11}},"18":{"start":{"line":81,"column":6},"end":{"line":87,"column":9}},"19":{"start":{"line":90,"column":4},"end":{"line":95,"column":7}},"20":{"start":{"line":97,"column":4},"end":{"line":97,"column":14}},"21":{"start":{"line":103,"column":2},"end":{"line":125,"column":3}},"22":{"start":{"line":104,"column":18},"end":{"line":120,"column":6}},"23":{"start":{"line":122,"column":4},"end":{"line":122,"column":24}},"24":{"start":{"line":124,"column":4},"end":{"line":124,"column":14}},"25":{"start":{"line":131,"column":2},"end":{"line":167,"column":3}},"26":{"start":{"line":132,"column":19},"end":{"line":132,"column":29}},"27":{"start":{"line":134,"column":17},"end":{"line":141,"column":6}},"28":{"start":{"line":143,"column":4},"end":{"line":143,"column":72}},"29":{"start":{"line":143,"column":15},"end":{"line":143,"column":72}},"30":{"start":{"line":146,"column":21},"end":{"line":157,"column":6}},"31":{"start":{"line":159,"column":4},"end":{"line":164,"column":7}},"32":{"start":{"line":166,"column":4},"end":{"line":166,"column":14}},"33":{"start":{"line":172,"column":2},"end":{"line":191,"column":3}},"34":{"start":{"line":173,"column":23},"end":{"line":173,"column":31}},"35":{"start":{"line":174,"column":4},"end":{"line":176,"column":5}},"36":{"start":{"line":175,"column":6},"end":{"line":175,"column":67}},"37":{"start":{"line":179,"column":20},"end":{"line":182,"column":6}},"38":{"start":{"line":184,"column":4},"end":{"line":186,"column":5}},"39":{"start":{"line":185,"column":6},"end":{"line":185,"column":74}},"40":{"start":{"line":188,"column":4},"end":{"line":188,"column":74}},"41":{"start":{"line":190,"column":4},"end":{"line":190,"column":14}}},"fnMap":{"0":{"name":"createRoom","decl":{"start":{"line":4,"column":22},"end":{"line":4,"column":32}},"loc":{"start":{"line":4,"column":49},"end":{"line":32,"column":1}},"line":4},"1":{"name":"joinRoom","decl":{"start":{"line":36,"column":22},"end":{"line":36,"column":30}},"loc":{"start":{"line":36,"column":47},"end":{"line":99,"column":1}},"line":36},"2":{"name":"getMyRooms","decl":{"start":{"line":102,"column":22},"end":{"line":102,"column":32}},"loc":{"start":{"line":102,"column":49},"end":{"line":126,"column":1}},"line":102},"3":{"name":"getRoomById","decl":{"start":{"line":130,"column":22},"end":{"line":130,"column":33}},"loc":{"start":{"line":130,"column":50},"end":{"line":168,"column":1}},"line":130},"4":{"name":"leaveRoom","decl":{"start":{"line":171,"column":22},"end":{"line":171,"column":31}},"loc":{"start":{"line":171,"column":48},"end":{"line":192,"column":1}},"line":171}},"branchMap":{"0":{"loc":{"start":{"line":38,"column":19},"end":{"line":38,"column":49}},"type":"binary-expr","locations":[{"start":{"line":38,"column":19},"end":{"line":38,"column":34}},{"start":{"line":38,"column":38},"end":{"line":38,"column":49}}],"line":38},"1":{"loc":{"start":{"line":40,"column":4},"end":{"line":42,"column":5}},"type":"if","locations":[{"start":{"line":40,"column":4},"end":{"line":42,"column":5}},{"start":{},"end":{}}],"line":40},"2":{"loc":{"start":{"line":46,"column":4},"end":{"line":48,"column":5}},"type":"if","locations":[{"start":{"line":46,"column":4},"end":{"line":48,"column":5}},{"start":{},"end":{}}],"line":46},"3":{"loc":{"start":{"line":61,"column":4},"end":{"line":88,"column":5}},"type":"if","locations":[{"start":{"line":61,"column":4},"end":{"line":88,"column":5}},{"start":{"line":79,"column":11},"end":{"line":88,"column":5}}],"line":61},"4":{"loc":{"start":{"line":62,"column":6},"end":{"line":78,"column":7}},"type":"if","locations":[{"start":{"line":62,"column":6},"end":{"line":78,"column":7}},{"start":{"line":70,"column":13},"end":{"line":78,"column":7}}],"line":62},"5":{"loc":{"start":{"line":143,"column":4},"end":{"line":143,"column":72}},"type":"if","locations":[{"start":{"line":143,"column":4},"end":{"line":143,"column":72}},{"start":{},"end":{}}],"line":143},"6":{"loc":{"start":{"line":161,"column":16},"end":{"line":163,"column":43}},"type":"cond-expr","locations":[{"start":{"line":162,"column":10},"end":{"line":162,"column":18}},{"start":{"line":163,"column":10},"end":{"line":163,"column":43}}],"line":161},"7":{"loc":{"start":{"line":174,"column":4},"end":{"line":176,"column":5}},"type":"if","locations":[{"start":{"line":174,"column":4},"end":{"line":176,"column":5}},{"start":{},"end":{}}],"line":174},"8":{"loc":{"start":{"line":184,"column":4},"end":{"line":186,"column":5}},"type":"if","locations":[{"start":{"line":184,"column":4},"end":{"line":186,"column":5}},{"start":{},"end":{}}],"line":184}},"s":{"0":1,"1":1,"2":1,"3":1,"4":1,"5":0,"6":1,"7":1,"8":1,"9":0,"10":1,"11":1,"12":0,"13":1,"14":1,"15":1,"16":1,"17":0,"18":0,"19":1,"20":0,"21":2,"22":2,"23":2,"24":0,"25":0,"26":0,"27":0,"28":0,"29":0,"30":0,"31":0,"32":0,"33":2,"34":2,"35":2,"36":0,"37":2,"38":2,"39":1,"40":1,"41":0},"f":{"0":1,"1":1,"2":2,"3":0,"4":2},"b":{"0":[1,0],"1":[0,1],"2":[0,1],"3":[1,0],"4":[1,0],"5":[0,0],"6":[0,0],"7":[0,2],"8":[1,1]},"_coverageSchema":"1a1c01bbd47fc00a2c39e90264f33305004495a9","hash":"b1b79f383707179d2e306d2a1f6bcdd98ede8e63"}
,"/Users/anshaggarwal/Desktop/project_2/backend/src/middlewares/authMiddleware.js": {"path":"/Users/anshaggarwal/Desktop/project_2/backend/src/middlewares/authMiddleware.js","statementMap":{"0":{"start":{"line":3,"column":19},"end":{"line":3,"column":58}},"1":{"start":{"line":6,"column":21},"end":{"line":6,"column":46}},"2":{"start":{"line":7,"column":2},"end":{"line":7,"column":79}},"3":{"start":{"line":7,"column":19},"end":{"line":7,"column":79}},"4":{"start":{"line":9,"column":16},"end":{"line":9,"column":40}},"5":{"start":{"line":10,"column":2},"end":{"line":10,"column":74}},"6":{"start":{"line":10,"column":14},"end":{"line":10,"column":74}},"7":{"start":{"line":12,"column":2},"end":{"line":19,"column":3}},"8":{"start":{"line":13,"column":20},"end":{"line":13,"column":49}},"9":{"start":{"line":14,"column":4},"end":{"line":14,"column":23}},"10":{"start":{"line":15,"column":4},"end":{"line":15,"column":11}},"11":{"start":{"line":17,"column":4},"end":{"line":17,"column":63}},"12":{"start":{"line":18,"column":4},"end":{"line":18,"column":71}}},"fnMap":{"0":{"name":"authMiddleware","decl":{"start":{"line":5,"column":24},"end":{"line":5,"column":38}},"loc":{"start":{"line":5,"column":55},"end":{"line":20,"column":1}},"line":5}},"branchMap":{"0":{"loc":{"start":{"line":3,"column":19},"end":{"line":3,"column":58}},"type":"binary-expr","locations":[{"start":{"line":3,"column":19},"end":{"line":3,"column":41}},{"start":{"line":3,"column":45},"end":{"line":3,"column":58}}],"line":3},"1":{"loc":{"start":{"line":7,"column":2},"end":{"line":7,"column":79}},"type":"if","locations":[{"start":{"line":7,"column":2},"end":{"line":7,"column":79}},{"start":{},"end":{}}],"line":7},"2":{"loc":{"start":{"line":10,"column":2},"end":{"line":10,"column":74}},"type":"if","locations":[{"start":{"line":10,"column":2},"end":{"line":10,"column":74}},{"start":{},"end":{}}],"line":10}},"s":{"0":4,"1":12,"2":12,"3":0,"4":12,"5":12,"6":0,"7":12,"8":12,"9":12,"10":12,"11":0,"12":0},"f":{"0":12},"b":{"0":[4,0],"1":[0,12],"2":[0,12]},"_coverageSchema":"1a1c01bbd47fc00a2c39e90264f33305004495a9","hash":"2bd0bdb2c0298d46c48f9dc61fc400b0b97ac5ee"}
,"/Users/anshaggarwal/Desktop/project_2/backend/src/middlewares/errorHandler.js": {"path":"/Users/anshaggarwal/Desktop/project_2/backend/src/middlewares/errorHandler.js","statementMap":{"0":{"start":{"line":3,"column":4},"end":{"line":3,"column":44}},"1":{"start":{"line":5,"column":19},"end":{"line":5,"column":36}},"2":{"start":{"line":7,"column":4},"end":{"line":13,"column":7}}},"fnMap":{"0":{"name":"errorHandler","decl":{"start":{"line":2,"column":24},"end":{"line":2,"column":36}},"loc":{"start":{"line":2,"column":58},"end":{"line":14,"column":3}},"line":2}},"branchMap":{"0":{"loc":{"start":{"line":5,"column":19},"end":{"line":5,"column":36}},"type":"binary-expr","locations":[{"start":{"line":5,"column":19},"end":{"line":5,"column":29}},{"start":{"line":5,"column":33},"end":{"line":5,"column":36}}],"line":5},"1":{"loc":{"start":{"line":10,"column":17},"end":{"line":10,"column":46}},"type":"binary-expr","locations":[{"start":{"line":10,"column":17},"end":{"line":10,"column":28}},{"start":{"line":10,"column":32},"end":{"line":10,"column":46}}],"line":10},"2":{"loc":{"start":{"line":11,"column":15},"end":{"line":11,"column":77}},"type":"cond-expr","locations":[{"start":{"line":11,"column":56},"end":{"line":11,"column":65}},{"start":{"line":11,"column":68},"end":{"line":11,"column":77}}],"line":11}},"s":{"0":0,"1":0,"2":0},"f":{"0":0},"b":{"0":[0,0],"1":[0,0],"2":[0,0]},"_coverageSchema":"1a1c01bbd47fc00a2c39e90264f33305004495a9","hash":"6a11dfd9ef5a6efd628962d2ffee80ea89f4b7eb"}
,"/Users/anshaggarwal/Desktop/project_2/backend/src/middlewares/validate.js": {"path":"/Users/anshaggarwal/Desktop/project_2/backend/src/middlewares/validate.js","statementMap":{"0":{"start":{"line":2,"column":4},"end":{"line":24,"column":6}},"1":{"start":{"line":3,"column":6},"end":{"line":23,"column":7}},"2":{"start":{"line":4,"column":8},"end":{"line":8,"column":11}},"3":{"start":{"line":9,"column":8},"end":{"line":9,"column":15}},"4":{"start":{"line":11,"column":8},"end":{"line":17,"column":9}},"5":{"start":{"line":13,"column":10},"end":{"line":16,"column":13}},"6":{"start":{"line":15,"column":39},"end":{"line":15,"column":48}},"7":{"start":{"line":19,"column":8},"end":{"line":22,"column":11}}},"fnMap":{"0":{"name":"validate","decl":{"start":{"line":1,"column":24},"end":{"line":1,"column":32}},"loc":{"start":{"line":1,"column":41},"end":{"line":25,"column":3}},"line":1},"1":{"name":"(anonymous_1)","decl":{"start":{"line":2,"column":11},"end":{"line":2,"column":12}},"loc":{"start":{"line":2,"column":31},"end":{"line":24,"column":5}},"line":2},"2":{"name":"(anonymous_2)","decl":{"start":{"line":15,"column":34},"end":{"line":15,"column":35}},"loc":{"start":{"line":15,"column":39},"end":{"line":15,"column":48}},"line":15}},"branchMap":{"0":{"loc":{"start":{"line":11,"column":8},"end":{"line":17,"column":9}},"type":"if","locations":[{"start":{"line":11,"column":8},"end":{"line":17,"column":9}},{"start":{},"end":{}}],"line":11},"1":{"loc":{"start":{"line":21,"column":17},"end":{"line":21,"column":51}},"type":"binary-expr","locations":[{"start":{"line":21,"column":17},"end":{"line":21,"column":28}},{"start":{"line":21,"column":32},"end":{"line":21,"column":51}}],"line":21}},"s":{"0":8,"1":10,"2":10,"3":9,"4":1,"5":0,"6":0,"7":1},"f":{"0":8,"1":10,"2":0},"b":{"0":[0,1],"1":[1,0]},"_coverageSchema":"1a1c01bbd47fc00a2c39e90264f33305004495a9","hash":"6bf43b03b60b8c1d031c5c7fa0441d6c6fa8e28f"}
,"/Users/anshaggarwal/Desktop/project_2/backend/src/routes/authRoutes.js": {"path":"/Users/anshaggarwal/Desktop/project_2/backend/src/routes/authRoutes.js","statementMap":{"0":{"start":{"line":6,"column":15},"end":{"line":6,"column":31}},"1":{"start":{"line":9,"column":0},"end":{"line":9,"column":61}},"2":{"start":{"line":10,"column":0},"end":{"line":10,"column":52}}},"fnMap":{},"branchMap":{},"s":{"0":4,"1":4,"2":4},"f":{},"b":{},"_coverageSchema":"1a1c01bbd47fc00a2c39e90264f33305004495a9","hash":"04bb5cb84b0772ded879fee91240909f1f8eed32"}
,"/Users/anshaggarwal/Desktop/project_2/backend/src/routes/compilerRoutes.js": {"path":"/Users/anshaggarwal/Desktop/project_2/backend/src/routes/compilerRoutes.js","statementMap":{"0":{"start":{"line":5,"column":2},"end":{"line":7,"column":41}},"1":{"start":{"line":10,"column":2},"end":{"line":35,"column":3}},"2":{"start":{"line":11,"column":48},"end":{"line":11,"column":56}},"3":{"start":{"line":13,"column":21},"end":{"line":29,"column":5}},"4":{"start":{"line":31,"column":4},"end":{"line":31,"column":28}},"5":{"start":{"line":33,"column":4},"end":{"line":33,"column":52}},"6":{"start":{"line":34,"column":4},"end":{"line":34,"column":14}},"7":{"start":{"line":38,"column":15},"end":{"line":38,"column":31}},"8":{"start":{"line":39,"column":0},"end":{"line":39,"column":29}}},"fnMap":{"0":{"name":"runCode","decl":{"start":{"line":9,"column":22},"end":{"line":9,"column":29}},"loc":{"start":{"line":9,"column":46},"end":{"line":36,"column":1}},"line":9}},"branchMap":{"0":{"loc":{"start":{"line":5,"column":2},"end":{"line":7,"column":41}},"type":"cond-expr","locations":[{"start":{"line":6,"column":6},"end":{"line":6,"column":52}},{"start":{"line":7,"column":6},"end":{"line":7,"column":41}}],"line":5},"1":{"loc":{"start":{"line":18,"column":15},"end":{"line":18,"column":26}},"type":"binary-expr","locations":[{"start":{"line":18,"column":15},"end":{"line":18,"column":20}},{"start":{"line":18,"column":24},"end":{"line":18,"column":26}}],"line":18},"2":{"loc":{"start":{"line":21,"column":17},"end":{"line":27,"column":50}},"type":"cond-expr","locations":[{"start":{"line":22,"column":12},"end":{"line":26,"column":13}},{"start":{"line":27,"column":12},"end":{"line":27,"column":50}}],"line":21}},"s":{"0":4,"1":0,"2":0,"3":0,"4":0,"5":0,"6":0,"7":4,"8":4},"f":{"0":0},"b":{"0":[4,0],"1":[0,0],"2":[0,0]},"_coverageSchema":"1a1c01bbd47fc00a2c39e90264f33305004495a9","hash":"80ec47c01c021a61e70c7ac09b5fed13e54c52f8"}
,"/Users/anshaggarwal/Desktop/project_2/backend/src/routes/roomRoutes.js": {"path":"/Users/anshaggarwal/Desktop/project_2/backend/src/routes/roomRoutes.js","statementMap":{"0":{"start":{"line":5,"column":15},"end":{"line":5,"column":31}},"1":{"start":{"line":8,"column":0},"end":{"line":8,"column":51}},"2":{"start":{"line":11,"column":0},"end":{"line":11,"column":47}},"3":{"start":{"line":15,"column":0},"end":{"line":15,"column":46}},"4":{"start":{"line":18,"column":0},"end":{"line":18,"column":47}},"5":{"start":{"line":21,"column":0},"end":{"line":21,"column":49}}},"fnMap":{},"branchMap":{},"s":{"0":4,"1":4,"2":4,"3":4,"4":4,"5":4},"f":{},"b":{},"_coverageSchema":"1a1c01bbd47fc00a2c39e90264f33305004495a9","hash":"dbe986dbf72ba4073c788915b2e094aa123b8207"}
,"/Users/anshaggarwal/Desktop/project_2/backend/src/sockets/heartbeat.js": {"path":"/Users/anshaggarwal/Desktop/project_2/backend/src/sockets/heartbeat.js","statementMap":{"0":{"start":{"line":6,"column":2},"end":{"line":15,"column":5}},"1":{"start":{"line":7,"column":4},"end":{"line":14,"column":5}},"2":{"start":{"line":8,"column":6},"end":{"line":11,"column":9}},"3":{"start":{"line":13,"column":6},"end":{"line":13,"column":58}}},"fnMap":{"0":{"name":"initHeartbeat","decl":{"start":{"line":5,"column":16},"end":{"line":5,"column":29}},"loc":{"start":{"line":5,"column":42},"end":{"line":16,"column":1}},"line":5},"1":{"name":"(anonymous_1)","decl":{"start":{"line":6,"column":25},"end":{"line":6,"column":26}},"loc":{"start":{"line":6,"column":43},"end":{"line":15,"column":3}},"line":6}},"branchMap":{},"s":{"0":0,"1":0,"2":0,"3":0},"f":{"0":0,"1":0},"b":{},"_coverageSchema":"1a1c01bbd47fc00a2c39e90264f33305004495a9","hash":"b0dce1c71ba6675d16b7b8216674fe3ad3f02fcb"}
,"/Users/anshaggarwal/Desktop/project_2/backend/src/sockets/index.js": {"path":"/Users/anshaggarwal/Desktop/project_2/backend/src/sockets/index.js","statementMap":{"0":{"start":{"line":7,"column":2},"end":{"line":7,"column":38}},"1":{"start":{"line":9,"column":2},"end":{"line":12,"column":3}},"2":{"start":{"line":10,"column":4},"end":{"line":10,"column":19}},"3":{"start":{"line":11,"column":4},"end":{"line":11,"column":37}},"4":{"start":{"line":15,"column":2},"end":{"line":26,"column":5}},"5":{"start":{"line":16,"column":4},"end":{"line":16,"column":50}},"6":{"start":{"line":19,"column":4},"end":{"line":19,"column":31}},"7":{"start":{"line":20,"column":4},"end":{"line":20,"column":31}},"8":{"start":{"line":21,"column":4},"end":{"line":21,"column":30}},"9":{"start":{"line":23,"column":4},"end":{"line":25,"column":7}},"10":{"start":{"line":24,"column":6},"end":{"line":24,"column":55}}},"fnMap":{"0":{"name":"initSocket","decl":{"start":{"line":6,"column":16},"end":{"line":6,"column":26}},"loc":{"start":{"line":6,"column":31},"end":{"line":27,"column":1}},"line":6},"1":{"name":"(anonymous_1)","decl":{"start":{"line":15,"column":22},"end":{"line":15,"column":23}},"loc":{"start":{"line":15,"column":34},"end":{"line":26,"column":3}},"line":15},"2":{"name":"(anonymous_2)","decl":{"start":{"line":23,"column":28},"end":{"line":23,"column":29}},"loc":{"start":{"line":23,"column":34},"end":{"line":25,"column":5}},"line":23}},"branchMap":{"0":{"loc":{"start":{"line":9,"column":2},"end":{"line":12,"column":3}},"type":"if","locations":[{"start":{"line":9,"column":2},"end":{"line":12,"column":3}},{"start":{},"end":{}}],"line":9}},"s":{"0":4,"1":4,"2":4,"3":4,"4":4,"5":0,"6":0,"7":0,"8":0,"9":0,"10":0},"f":{"0":4,"1":0,"2":0},"b":{"0":[4,0]},"_coverageSchema":"1a1c01bbd47fc00a2c39e90264f33305004495a9","hash":"ca69d1701a78e17469f9c7c5c93b1f525fd0e59d"}
,"/Users/anshaggarwal/Desktop/project_2/backend/src/sockets/auth/socketAuth.js": {"path":"/Users/anshaggarwal/Desktop/project_2/backend/src/sockets/auth/socketAuth.js","statementMap":{"0":{"start":{"line":3,"column":19},"end":{"line":3,"column":58}},"1":{"start":{"line":7,"column":2},"end":{"line":7,"column":40}},"2":{"start":{"line":7,"column":33},"end":{"line":7,"column":40}},"3":{"start":{"line":8,"column":2},"end":{"line":8,"column":35}},"4":{"start":{"line":10,"column":2},"end":{"line":27,"column":5}},"5":{"start":{"line":11,"column":4},"end":{"line":26,"column":5}},"6":{"start":{"line":12,"column":20},"end":{"line":12,"column":81}},"7":{"start":{"line":13,"column":6},"end":{"line":15,"column":7}},"8":{"start":{"line":14,"column":8},"end":{"line":14,"column":74}},"9":{"start":{"line":17,"column":22},"end":{"line":17,"column":51}},"10":{"start":{"line":20,"column":6},"end":{"line":20,"column":28}},"11":{"start":{"line":22,"column":6},"end":{"line":22,"column":13}},"12":{"start":{"line":24,"column":6},"end":{"line":24,"column":57}},"13":{"start":{"line":25,"column":6},"end":{"line":25,"column":72}}},"fnMap":{"0":{"name":"socketAuth","decl":{"start":{"line":5,"column":16},"end":{"line":5,"column":26}},"loc":{"start":{"line":5,"column":31},"end":{"line":28,"column":1}},"line":5},"1":{"name":"(anonymous_1)","decl":{"start":{"line":10,"column":9},"end":{"line":10,"column":10}},"loc":{"start":{"line":10,"column":27},"end":{"line":27,"column":3}},"line":10}},"branchMap":{"0":{"loc":{"start":{"line":3,"column":19},"end":{"line":3,"column":58}},"type":"binary-expr","locations":[{"start":{"line":3,"column":19},"end":{"line":3,"column":41}},{"start":{"line":3,"column":45},"end":{"line":3,"column":58}}],"line":3},"1":{"loc":{"start":{"line":7,"column":2},"end":{"line":7,"column":40}},"type":"if","locations":[{"start":{"line":7,"column":2},"end":{"line":7,"column":40}},{"start":{},"end":{}}],"line":7},"2":{"loc":{"start":{"line":12,"column":20},"end":{"line":12,"column":81}},"type":"binary-expr","locations":[{"start":{"line":12,"column":20},"end":{"line":12,"column":48}},{"start":{"line":12,"column":52},"end":{"line":12,"column":81}}],"line":12},"3":{"loc":{"start":{"line":13,"column":6},"end":{"line":15,"column":7}},"type":"if","locations":[{"start":{"line":13,"column":6},"end":{"line":15,"column":7}},{"start":{},"end":{}}],"line":13}},"s":{"0":4,"1":4,"2":0,"3":4,"4":4,"5":0,"6":0,"7":0,"8":0,"9":0,"10":0,"11":0,"12":0,"13":0},"f":{"0":4,"1":0},"b":{"0":[4,0],"1":[0,4],"2":[0,0],"3":[0,0]},"_coverageSchema":"1a1c01bbd47fc00a2c39e90264f33305004495a9","hash":"1eac95d7bd02e13eedb2a629288bc5d2b231a584"}
,"/Users/anshaggarwal/Desktop/project_2/backend/src/sockets/code/codeHandlers.js": {"path":"/Users/anshaggarwal/Desktop/project_2/backend/src/sockets/code/codeHandlers.js","statementMap":{"0":{"start":{"line":4,"column":19},"end":{"line":4,"column":65}},"1":{"start":{"line":5,"column":21},"end":{"line":5,"column":45}},"2":{"start":{"line":13,"column":2},"end":{"line":31,"column":3}},"3":{"start":{"line":14,"column":21},"end":{"line":24,"column":5}},"4":{"start":{"line":27,"column":4},"end":{"line":27,"column":52}},"5":{"start":{"line":29,"column":4},"end":{"line":29,"column":56}},"6":{"start":{"line":30,"column":4},"end":{"line":30,"column":63}},"7":{"start":{"line":37,"column":2},"end":{"line":37,"column":45}}},"fnMap":{"0":{"name":"handleRunCode","decl":{"start":{"line":8,"column":22},"end":{"line":8,"column":35}},"loc":{"start":{"line":12,"column":2},"end":{"line":32,"column":1}},"line":12},"1":{"name":"handleCodeChange","decl":{"start":{"line":35,"column":16},"end":{"line":35,"column":32}},"loc":{"start":{"line":35,"column":63},"end":{"line":38,"column":1}},"line":35}},"branchMap":{"0":{"loc":{"start":{"line":16,"column":41},"end":{"line":16,"column":52}},"type":"binary-expr","locations":[{"start":{"line":16,"column":41},"end":{"line":16,"column":46}},{"start":{"line":16,"column":50},"end":{"line":16,"column":52}}],"line":16}},"s":{"0":4,"1":4,"2":0,"3":0,"4":0,"5":0,"6":0,"7":0},"f":{"0":0,"1":0},"b":{"0":[0,0]},"_coverageSchema":"1a1c01bbd47fc00a2c39e90264f33305004495a9","hash":"d6d8fc8feedcb311ed18ef8c77c65dd95f7a12d8"}
,"/Users/anshaggarwal/Desktop/project_2/backend/src/sockets/code/codeSocket.js": {"path":"/Users/anshaggarwal/Desktop/project_2/backend/src/sockets/code/codeSocket.js","statementMap":{"0":{"start":{"line":6,"column":2},"end":{"line":6,"column":66}},"1":{"start":{"line":6,"column":33},"end":{"line":6,"column":64}},"2":{"start":{"line":7,"column":2},"end":{"line":7,"column":72}},"3":{"start":{"line":7,"column":36},"end":{"line":7,"column":70}}},"fnMap":{"0":{"name":"initCodeSocket","decl":{"start":{"line":5,"column":16},"end":{"line":5,"column":30}},"loc":{"start":{"line":5,"column":43},"end":{"line":8,"column":1}},"line":5},"1":{"name":"(anonymous_1)","decl":{"start":{"line":6,"column":23},"end":{"line":6,"column":24}},"loc":{"start":{"line":6,"column":33},"end":{"line":6,"column":64}},"line":6},"2":{"name":"(anonymous_2)","decl":{"start":{"line":7,"column":26},"end":{"line":7,"column":27}},"loc":{"start":{"line":7,"column":36},"end":{"line":7,"column":70}},"line":7}},"branchMap":{},"s":{"0":0,"1":0,"2":0,"3":0},"f":{"0":0,"1":0,"2":0},"b":{},"_coverageSchema":"1a1c01bbd47fc00a2c39e90264f33305004495a9","hash":"96f17fcc77b68a127ed6d0acbcd9fca0538a65bd"}
,"/Users/anshaggarwal/Desktop/project_2/backend/src/sockets/room/roomHandlers.js": {"path":"/Users/anshaggarwal/Desktop/project_2/backend/src/sockets/room/roomHandlers.js","statementMap":{"0":{"start":{"line":5,"column":2},"end":{"line":55,"column":3}},"1":{"start":{"line":6,"column":37},"end":{"line":6,"column":48}},"2":{"start":{"line":8,"column":4},"end":{"line":8,"column":65}},"3":{"start":{"line":11,"column":17},"end":{"line":11,"column":72}},"4":{"start":{"line":12,"column":4},"end":{"line":15,"column":5}},"5":{"start":{"line":13,"column":6},"end":{"line":13,"column":58}},"6":{"start":{"line":14,"column":6},"end":{"line":14,"column":13}},"7":{"start":{"line":18,"column":21},"end":{"line":20,"column":6}},"8":{"start":{"line":22,"column":4},"end":{"line":33,"column":5}},"9":{"start":{"line":24,"column":6},"end":{"line":27,"column":9}},"10":{"start":{"line":30,"column":6},"end":{"line":32,"column":9}},"11":{"start":{"line":36,"column":4},"end":{"line":36,"column":24}},"12":{"start":{"line":37,"column":4},"end":{"line":37,"column":54}},"13":{"start":{"line":40,"column":24},"end":{"line":43,"column":6}},"14":{"start":{"line":45,"column":4},"end":{"line":48,"column":7}},"15":{"start":{"line":47,"column":34},"end":{"line":47,"column":40}},"16":{"start":{"line":51,"column":4},"end":{"line":51,"column":48}},"17":{"start":{"line":53,"column":4},"end":{"line":53,"column":51}},"18":{"start":{"line":54,"column":4},"end":{"line":54,"column":76}},"19":{"start":{"line":60,"column":2},"end":{"line":91,"column":3}},"20":{"start":{"line":61,"column":37},"end":{"line":61,"column":48}},"21":{"start":{"line":64,"column":4},"end":{"line":67,"column":7}},"22":{"start":{"line":70,"column":24},"end":{"line":73,"column":6}},"23":{"start":{"line":75,"column":4},"end":{"line":83,"column":5}},"24":{"start":{"line":76,"column":6},"end":{"line":76,"column":49}},"25":{"start":{"line":79,"column":6},"end":{"line":82,"column":9}},"26":{"start":{"line":81,"column":36},"end":{"line":81,"column":42}},"27":{"start":{"line":86,"column":4},"end":{"line":86,"column":25}},"28":{"start":{"line":87,"column":4},"end":{"line":87,"column":51}},"29":{"start":{"line":89,"column":4},"end":{"line":89,"column":44}},"30":{"start":{"line":90,"column":4},"end":{"line":90,"column":62}}},"fnMap":{"0":{"name":"handleJoinRoom","decl":{"start":{"line":4,"column":22},"end":{"line":4,"column":36}},"loc":{"start":{"line":4,"column":61},"end":{"line":56,"column":1}},"line":4},"1":{"name":"(anonymous_1)","decl":{"start":{"line":47,"column":29},"end":{"line":47,"column":30}},"loc":{"start":{"line":47,"column":34},"end":{"line":47,"column":40}},"line":47},"2":{"name":"handleLeaveRoom","decl":{"start":{"line":59,"column":22},"end":{"line":59,"column":37}},"loc":{"start":{"line":59,"column":62},"end":{"line":92,"column":1}},"line":59},"3":{"name":"(anonymous_3)","decl":{"start":{"line":81,"column":31},"end":{"line":81,"column":32}},"loc":{"start":{"line":81,"column":36},"end":{"line":81,"column":42}},"line":81}},"branchMap":{"0":{"loc":{"start":{"line":12,"column":4},"end":{"line":15,"column":5}},"type":"if","locations":[{"start":{"line":12,"column":4},"end":{"line":15,"column":5}},{"start":{},"end":{}}],"line":12},"1":{"loc":{"start":{"line":22,"column":4},"end":{"line":33,"column":5}},"type":"if","locations":[{"start":{"line":22,"column":4},"end":{"line":33,"column":5}},{"start":{"line":28,"column":11},"end":{"line":33,"column":5}}],"line":22},"2":{"loc":{"start":{"line":54,"column":36},"end":{"line":54,"column":72}},"type":"binary-expr","locations":[{"start":{"line":54,"column":36},"end":{"line":54,"column":47}},{"start":{"line":54,"column":51},"end":{"line":54,"column":72}}],"line":54},"3":{"loc":{"start":{"line":75,"column":4},"end":{"line":83,"column":5}},"type":"if","locations":[{"start":{"line":75,"column":4},"end":{"line":83,"column":5}},{"start":{"line":78,"column":11},"end":{"line":83,"column":5}}],"line":75}},"s":{"0":0,"1":0,"2":0,"3":0,"4":0,"5":0,"6":0,"7":0,"8":0,"9":0,"10":0,"11":0,"12":0,"13":0,"14":0,"15":0,"16":0,"17":0,"18":0,"19":0,"20":0,"21":0,"22":0,"23":0,"24":0,"25":0,"26":0,"27":0,"28":0,"29":0,"30":0},"f":{"0":0,"1":0,"2":0,"3":0},"b":{"0":[0,0],"1":[0,0],"2":[0,0],"3":[0,0]},"_coverageSchema":"1a1c01bbd47fc00a2c39e90264f33305004495a9","hash":"1c3ffba768cbd09431f49bb6ddd3d1696fe29860"}
,"/Users/anshaggarwal/Desktop/project_2/backend/src/sockets/room/roomSocket.js": {"path":"/Users/anshaggarwal/Desktop/project_2/backend/src/sockets/room/roomSocket.js","statementMap":{"0":{"start":{"line":4,"column":2},"end":{"line":4,"column":68}},"1":{"start":{"line":4,"column":34},"end":{"line":4,"column":66}},"2":{"start":{"line":5,"column":2},"end":{"line":5,"column":70}},"3":{"start":{"line":5,"column":35},"end":{"line":5,"column":68}},"4":{"start":{"line":8,"column":2},"end":{"line":13,"column":5}},"5":{"start":{"line":9,"column":18},"end":{"line":9,"column":66}},"6":{"start":{"line":9,"column":50},"end":{"line":9,"column":65}},"7":{"start":{"line":10,"column":4},"end":{"line":12,"column":7}},"8":{"start":{"line":11,"column":6},"end":{"line":11,"column":45}},"9":{"start":{"line":16,"column":2},"end":{"line":21,"column":5}},"10":{"start":{"line":17,"column":25},"end":{"line":17,"column":73}},"11":{"start":{"line":17,"column":57},"end":{"line":17,"column":72}},"12":{"start":{"line":18,"column":4},"end":{"line":20,"column":7}},"13":{"start":{"line":19,"column":6},"end":{"line":19,"column":46}}},"fnMap":{"0":{"name":"initRoomSocket","decl":{"start":{"line":3,"column":16},"end":{"line":3,"column":30}},"loc":{"start":{"line":3,"column":43},"end":{"line":22,"column":1}},"line":3},"1":{"name":"(anonymous_1)","decl":{"start":{"line":4,"column":24},"end":{"line":4,"column":25}},"loc":{"start":{"line":4,"column":34},"end":{"line":4,"column":66}},"line":4},"2":{"name":"(anonymous_2)","decl":{"start":{"line":5,"column":25},"end":{"line":5,"column":26}},"loc":{"start":{"line":5,"column":35},"end":{"line":5,"column":68}},"line":5},"3":{"name":"(anonymous_3)","decl":{"start":{"line":8,"column":27},"end":{"line":8,"column":28}},"loc":{"start":{"line":8,"column":36},"end":{"line":13,"column":3}},"line":8},"4":{"name":"(anonymous_4)","decl":{"start":{"line":9,"column":43},"end":{"line":9,"column":44}},"loc":{"start":{"line":9,"column":50},"end":{"line":9,"column":65}},"line":9},"5":{"name":"(anonymous_5)","decl":{"start":{"line":10,"column":18},"end":{"line":10,"column":19}},"loc":{"start":{"line":10,"column":30},"end":{"line":12,"column":5}},"line":10},"6":{"name":"(anonymous_6)","decl":{"start":{"line":16,"column":26},"end":{"line":16,"column":27}},"loc":{"start":{"line":16,"column":32},"end":{"line":21,"column":3}},"line":16},"7":{"name":"(anonymous_7)","decl":{"start":{"line":17,"column":50},"end":{"line":17,"column":51}},"loc":{"start":{"line":17,"column":57},"end":{"line":17,"column":72}},"line":17},"8":{"name":"(anonymous_8)","decl":{"start":{"line":18,"column":25},"end":{"line":18,"column":26}},"loc":{"start":{"line":18,"column":37},"end":{"line":20,"column":5}},"line":18}},"branchMap":{},"s":{"0":0,"1":0,"2":0,"3":0,"4":0,"5":0,"6":0,"7":0,"8":0,"9":0,"10":0,"11":0,"12":0,"13":0},"f":{"0":0,"1":0,"2":0,"3":0,"4":0,"5":0,"6":0,"7":0,"8":0},"b":{},"_coverageSchema":"1a1c01bbd47fc00a2c39e90264f33305004495a9","hash":"c5c93d9e519238c21a99d84824397235aae630f8"}
,"/Users/anshaggarwal/Desktop/project_2/backend/src/validation/authValidation.js": {"path":"/Users/anshaggarwal/Desktop/project_2/backend/src/validation/authValidation.js","statementMap":{"0":{"start":{"line":3,"column":30},"end":{"line":9,"column":2}},"1":{"start":{"line":12,"column":27},"end":{"line":21,"column":2}},"2":{"start":{"line":17,"column":22},"end":{"line":17,"column":49}}},"fnMap":{"0":{"name":"(anonymous_0)","decl":{"start":{"line":17,"column":12},"end":{"line":17,"column":13}},"loc":{"start":{"line":17,"column":22},"end":{"line":17,"column":49}},"line":17}},"branchMap":{"0":{"loc":{"start":{"line":17,"column":22},"end":{"line":17,"column":49}},"type":"binary-expr","locations":[{"start":{"line":17,"column":22},"end":{"line":17,"column":35}},{"start":{"line":17,"column":39},"end":{"line":17,"column":49}}],"line":17}},"s":{"0":4,"1":4,"2":5},"f":{"0":5},"b":{"0":[5,1]},"_coverageSchema":"1a1c01bbd47fc00a2c39e90264f33305004495a9","hash":"daffe407ccadc5426e0853db29982859fd94d3c4"}
}
