TN:
SF:src/app.js
FN:36,(anonymous_0)
FNF:1
FNH:0
FNDA:0,(anonymous_0)
DA:13,4
DA:15,4
DA:18,4
DA:19,4
DA:22,4
DA:23,4
DA:31,4
DA:32,4
DA:33,4
DA:36,4
DA:37,0
DA:41,4
LF:12
LH:11
BRF:0
BRH:0
end_of_record
TN:
SF:src/index.js
FNF:0
FNH:0
DA:9,4
DA:10,4
DA:14,4
DA:16,4
DA:17,4
DA:18,0
LF:6
LH:5
BRDA:16,0,0,4
BRDA:16,0,1,0
BRDA:17,1,0,0
BRDA:17,1,1,4
BRF:4
BRH:2
end_of_record
TN:
SF:src/config/cleanup.js
FN:4,startCleanupJob
FNF:1
FNH:0
FNDA:0,startCleanupJob
LF:0
LH:0
BRF:0
BRH:0
end_of_record
TN:
SF:src/config/db.js
FNF:0
FNH:0
DA:3,4
LF:1
LH:1
BRF:0
BRH:0
end_of_record
TN:
SF:src/config/security.js
FN:7,applySecurity
FNF:1
FNH:1
FNDA:4,applySecurity
DA:8,4
DA:9,4
DA:10,4
DA:11,4
DA:14,4
DA:19,4
LF:6
LH:6
BRF:0
BRH:0
end_of_record
TN:
SF:src/config/server.js
FN:4,startServer
FN:12,(anonymous_1)
FN:25,(anonymous_2)
FNF:3
FNH:0
FNDA:0,startServer
FNDA:0,(anonymous_1)
FNDA:0,(anonymous_2)
DA:5,0
DA:6,0
DA:7,0
DA:10,0
DA:12,0
DA:13,0
DA:16,0
DA:17,0
DA:18,0
DA:20,0
DA:25,0
DA:26,0
DA:27,0
LF:13
LH:0
BRDA:17,0,0,0
BRDA:17,0,1,0
BRF:2
BRH:0
end_of_record
TN:
SF:src/controllers/authController.js
FN:9,register
FN:59,login
FNF:2
FNH:2
FNDA:4,register
FNDA:5,login
DA:6,4
DA:10,4
DA:11,4
DA:13,4
DA:14,0
DA:18,4
DA:27,4
DA:28,1
DA:31,3
DA:33,3
DA:37,3
DA:43,3
DA:48,0
DA:50,0
DA:51,0
DA:54,0
DA:60,5
DA:61,5
DA:63,5
DA:64,0
DA:69,5
DA:73,5
DA:74,1
DA:77,4
DA:78,4
DA:79,1
DA:82,3
DA:86,3
DA:92,0
DA:93,0
LF:30
LH:22
BRDA:6,0,0,4
BRDA:6,0,1,0
BRDA:13,1,0,0
BRDA:13,1,1,4
BRDA:13,2,0,4
BRDA:13,2,1,4
BRDA:13,2,2,4
BRDA:22,3,0,4
BRDA:22,3,1,0
BRDA:27,4,0,1
BRDA:27,4,1,3
BRDA:50,5,0,0
BRDA:50,5,1,0
BRDA:50,6,0,0
BRDA:50,6,1,0
BRDA:63,7,0,0
BRDA:63,7,1,5
BRDA:63,8,0,5
BRDA:63,8,1,1
BRDA:63,8,2,5
BRDA:70,9,0,1
BRDA:70,9,1,4
BRDA:73,10,0,1
BRDA:73,10,1,4
BRDA:78,11,0,1
BRDA:78,11,1,3
BRF:26
BRH:18
end_of_record
TN:
SF:src/controllers/roomController.js
FN:4,createRoom
FN:36,joinRoom
FN:102,getMyRooms
FN:130,getRoomById
FN:171,leaveRoom
FNF:5
FNH:4
FNDA:1,createRoom
FNDA:1,joinRoom
FNDA:2,getMyRooms
FNDA:0,getRoomById
FNDA:2,leaveRoom
DA:5,1
DA:6,1
DA:9,1
DA:17,1
DA:24,1
DA:30,0
DA:37,1
DA:38,1
DA:40,1
DA:41,0
DA:45,1
DA:46,1
DA:47,0
DA:51,1
DA:61,1
DA:62,1
DA:64,1
DA:72,0
DA:81,0
DA:90,1
DA:97,0
DA:103,2
DA:104,2
DA:122,2
DA:124,0
DA:131,0
DA:132,0
DA:134,0
DA:143,0
DA:146,0
DA:159,0
DA:166,0
DA:172,2
DA:173,2
DA:174,2
DA:175,0
DA:179,2
DA:184,2
DA:185,1
DA:188,1
DA:190,0
LF:41
LH:25
BRDA:38,0,0,1
BRDA:38,0,1,0
BRDA:40,1,0,0
BRDA:40,1,1,1
BRDA:46,2,0,0
BRDA:46,2,1,1
BRDA:61,3,0,1
BRDA:61,3,1,0
BRDA:62,4,0,1
BRDA:62,4,1,0
BRDA:143,5,0,0
BRDA:143,5,1,0
BRDA:161,6,0,0
BRDA:161,6,1,0
BRDA:174,7,0,0
BRDA:174,7,1,2
BRDA:184,8,0,1
BRDA:184,8,1,1
BRF:18
BRH:8
end_of_record
TN:
SF:src/middlewares/authMiddleware.js
FN:5,authMiddleware
FNF:1
FNH:1
FNDA:12,authMiddleware
DA:3,4
DA:6,12
DA:7,12
DA:9,12
DA:10,12
DA:12,12
DA:13,12
DA:14,12
DA:15,12
DA:17,0
DA:18,0
LF:11
LH:9
BRDA:3,0,0,4
BRDA:3,0,1,0
BRDA:7,1,0,0
BRDA:7,1,1,12
BRDA:10,2,0,0
BRDA:10,2,1,12
BRF:6
BRH:3
end_of_record
TN:
SF:src/middlewares/errorHandler.js
FN:2,errorHandler
FNF:1
FNH:0
FNDA:0,errorHandler
DA:3,0
DA:5,0
DA:7,0
LF:3
LH:0
BRDA:5,0,0,0
BRDA:5,0,1,0
BRDA:10,1,0,0
BRDA:10,1,1,0
BRDA:11,2,0,0
BRDA:11,2,1,0
BRF:6
BRH:0
end_of_record
TN:
SF:src/middlewares/validate.js
FN:1,validate
FN:2,(anonymous_1)
FN:15,(anonymous_2)
FNF:3
FNH:2
FNDA:8,validate
FNDA:10,(anonymous_1)
FNDA:0,(anonymous_2)
DA:2,8
DA:3,10
DA:4,10
DA:9,9
DA:11,1
DA:13,0
DA:15,0
DA:19,1
LF:8
LH:6
BRDA:11,0,0,0
BRDA:11,0,1,1
BRDA:21,1,0,1
BRDA:21,1,1,0
BRF:4
BRH:2
end_of_record
TN:
SF:src/routes/authRoutes.js
FNF:0
FNH:0
DA:6,4
DA:9,4
DA:10,4
LF:3
LH:3
BRF:0
BRH:0
end_of_record
TN:
SF:src/routes/compilerRoutes.js
FN:9,runCode
FNF:1
FNH:0
FNDA:0,runCode
DA:5,4
DA:10,0
DA:11,0
DA:13,0
DA:31,0
DA:33,0
DA:34,0
DA:38,4
DA:39,4
LF:9
LH:3
BRDA:5,0,0,4
BRDA:5,0,1,0
BRDA:18,1,0,0
BRDA:18,1,1,0
BRDA:21,2,0,0
BRDA:21,2,1,0
BRF:6
BRH:1
end_of_record
TN:
SF:src/routes/roomRoutes.js
FNF:0
FNH:0
DA:5,4
DA:8,4
DA:11,4
DA:15,4
DA:18,4
DA:21,4
LF:6
LH:6
BRF:0
BRH:0
end_of_record
TN:
SF:src/sockets/heartbeat.js
FN:5,initHeartbeat
FN:6,(anonymous_1)
FNF:2
FNH:0
FNDA:0,initHeartbeat
FNDA:0,(anonymous_1)
DA:6,0
DA:7,0
DA:8,0
DA:13,0
LF:4
LH:0
BRF:0
BRH:0
end_of_record
TN:
SF:src/sockets/index.js
FN:6,initSocket
FN:15,(anonymous_1)
FN:23,(anonymous_2)
FNF:3
FNH:1
FNDA:4,initSocket
FNDA:0,(anonymous_1)
FNDA:0,(anonymous_2)
DA:7,4
DA:9,4
DA:10,4
DA:11,4
DA:15,4
DA:16,0
DA:19,0
DA:20,0
DA:21,0
DA:23,0
DA:24,0
LF:11
LH:5
BRDA:9,0,0,4
BRDA:9,0,1,0
BRF:2
BRH:1
end_of_record
TN:
SF:src/sockets/auth/socketAuth.js
FN:5,socketAuth
FN:10,(anonymous_1)
FNF:2
FNH:1
FNDA:4,socketAuth
FNDA:0,(anonymous_1)
DA:3,4
DA:7,4
DA:8,4
DA:10,4
DA:11,0
DA:12,0
DA:13,0
DA:14,0
DA:17,0
DA:20,0
DA:22,0
DA:24,0
DA:25,0
LF:13
LH:4
BRDA:3,0,0,4
BRDA:3,0,1,0
BRDA:7,1,0,0
BRDA:7,1,1,4
BRDA:12,2,0,0
BRDA:12,2,1,0
BRDA:13,3,0,0
BRDA:13,3,1,0
BRF:8
BRH:2
end_of_record
TN:
SF:src/sockets/code/codeHandlers.js
FN:8,handleRunCode
FN:35,handleCodeChange
FNF:2
FNH:0
FNDA:0,handleRunCode
FNDA:0,handleCodeChange
DA:4,4
DA:5,4
DA:13,0
DA:14,0
DA:27,0
DA:29,0
DA:30,0
DA:37,0
LF:8
LH:2
BRDA:16,0,0,0
BRDA:16,0,1,0
BRF:2
BRH:0
end_of_record
TN:
SF:src/sockets/code/codeSocket.js
FN:5,initCodeSocket
FN:6,(anonymous_1)
FN:7,(anonymous_2)
FNF:3
FNH:0
FNDA:0,initCodeSocket
FNDA:0,(anonymous_1)
FNDA:0,(anonymous_2)
DA:6,0
DA:7,0
LF:2
LH:0
BRF:0
BRH:0
end_of_record
TN:
SF:src/sockets/room/roomHandlers.js
FN:4,handleJoinRoom
FN:47,(anonymous_1)
FN:59,handleLeaveRoom
FN:81,(anonymous_3)
FNF:4
FNH:0
FNDA:0,handleJoinRoom
FNDA:0,(anonymous_1)
FNDA:0,handleLeaveRoom
FNDA:0,(anonymous_3)
DA:5,0
DA:6,0
DA:8,0
DA:11,0
DA:12,0
DA:13,0
DA:14,0
DA:18,0
DA:22,0
DA:24,0
DA:30,0
DA:36,0
DA:37,0
DA:40,0
DA:45,0
DA:47,0
DA:51,0
DA:53,0
DA:54,0
DA:60,0
DA:61,0
DA:64,0
DA:70,0
DA:75,0
DA:76,0
DA:79,0
DA:81,0
DA:86,0
DA:87,0
DA:89,0
DA:90,0
LF:31
LH:0
BRDA:12,0,0,0
BRDA:12,0,1,0
BRDA:22,1,0,0
BRDA:22,1,1,0
BRDA:54,2,0,0
BRDA:54,2,1,0
BRDA:75,3,0,0
BRDA:75,3,1,0
BRF:8
BRH:0
end_of_record
TN:
SF:src/sockets/room/roomSocket.js
FN:3,initRoomSocket
FN:4,(anonymous_1)
FN:5,(anonymous_2)
FN:8,(anonymous_3)
FN:9,(anonymous_4)
FN:10,(anonymous_5)
FN:16,(anonymous_6)
FN:17,(anonymous_7)
FN:18,(anonymous_8)
FNF:9
FNH:0
FNDA:0,initRoomSocket
FNDA:0,(anonymous_1)
FNDA:0,(anonymous_2)
FNDA:0,(anonymous_3)
FNDA:0,(anonymous_4)
FNDA:0,(anonymous_5)
FNDA:0,(anonymous_6)
FNDA:0,(anonymous_7)
FNDA:0,(anonymous_8)
DA:4,0
DA:5,0
DA:8,0
DA:9,0
DA:10,0
DA:11,0
DA:16,0
DA:17,0
DA:18,0
DA:19,0
LF:10
LH:0
BRF:0
BRH:0
end_of_record
TN:
SF:src/validation/authValidation.js
FN:17,(anonymous_0)
FNF:1
FNH:1
FNDA:5,(anonymous_0)
DA:3,4
DA:12,4
DA:17,5
LF:3
LH:3
BRDA:17,0,0,5
BRDA:17,0,1,1
BRF:2
BRH:2
end_of_record
